TN:
SF:/home/johnsz/shared/repos/feathers-authentication-management/src/checkUniqueness.js
FN:8,checkUniqueness
FN:14,(anonymous_2)
FN:17,(anonymous_3)
FN:18,(anonymous_4)
FN:26,(anonymous_5)
FN:29,(anonymous_6)
FN:30,(anonymous_7)
FN:34,(anonymous_8)
FNF:8
FNH:7
FNDA:44,checkUniqueness
FNDA:52,(anonymous_2)
FNDA:44,(anonymous_3)
FNDA:44,(anonymous_4)
FNDA:0,(anonymous_5)
FNDA:44,(anonymous_6)
FNDA:44,(anonymous_7)
FNDA:36,(anonymous_8)
DA:4,1
DA:5,1
DA:8,1
DA:9,44
DA:10,44
DA:11,44
DA:13,44
DA:14,52
DA:16,44
DA:17,44
DA:19,44
DA:20,44
DA:23,44
DA:27,0
DA:30,44
DA:32,44
DA:33,28
DA:34,36
DA:36,28
DA:41,16
LF:20
LH:19
BRDA:14,0,0,52
BRDA:14,0,1,48
BRDA:19,1,0,22
BRDA:19,1,1,22
BRDA:20,2,0,44
BRDA:20,2,1,36
BRDA:20,2,2,32
BRDA:23,3,0,36
BRDA:23,3,1,8
BRDA:32,4,0,28
BRDA:32,4,1,16
BRDA:36,5,0,4
BRDA:36,5,1,24
BRF:13
BRH:13
end_of_record
TN:
SF:/home/johnsz/shared/repos/feathers-authentication-management/src/client.js
FN:5,AuthManagement
FN:12,(anonymous_1)
FN:19,(anonymous_2)
FN:25,(anonymous_3)
FN:30,(anonymous_4)
FN:35,(anonymous_5)
FN:41,(anonymous_6)
FN:46,(anonymous_7)
FN:51,(anonymous_8)
FN:56,(anonymous_9)
FN:61,(anonymous_10)
FN:65,(anonymous_11)
FN:80,(anonymous_12)
FNF:13
FNH:13
FNDA:11,AuthManagement
FNDA:1,(anonymous_1)
FNDA:1,(anonymous_2)
FNDA:1,(anonymous_3)
FNDA:1,(anonymous_4)
FNDA:1,(anonymous_5)
FNDA:1,(anonymous_6)
FNDA:1,(anonymous_7)
FNDA:1,(anonymous_8)
FNDA:1,(anonymous_9)
FNDA:2,(anonymous_10)
FNDA:2,(anonymous_11)
FNDA:1,(anonymous_12)
DA:6,11
DA:7,0
DA:10,11
DA:12,11
DA:19,11
DA:25,11
DA:30,11
DA:35,11
DA:41,11
DA:46,11
DA:51,11
DA:56,11
DA:61,11
DA:62,2
DA:64,2
DA:66,2
DA:68,2
DA:69,1
DA:70,0
DA:73,1
DA:74,0
DA:75,0
DA:78,1
DA:81,1
DA:82,1
DA:88,1
DA:89,1
LF:27
LH:23
BRDA:6,0,0,0
BRDA:6,0,1,11
BRDA:68,1,0,1
BRDA:68,1,1,1
BRDA:68,2,0,2
BRDA:68,2,1,2
BRDA:70,3,0,0
BRDA:70,3,1,0
BRDA:73,4,0,0
BRDA:73,4,1,1
BRDA:81,5,0,1
BRDA:81,5,1,0
BRDA:88,6,0,1
BRDA:88,6,1,0
BRDA:88,7,0,1
BRDA:88,7,1,1
BRF:16
BRH:10
end_of_record
TN:
SF:/home/johnsz/shared/repos/feathers-authentication-management/src/helpers.js
FN:11,hashPassword
FN:16,get
FN:24,(anonymous_2)
FN:27,concatIDAndHash
FN:29,deconstructId
FN:37,comparePasswords
FN:37,(anonymous_6)
FN:38,(anonymous_7)
FN:47,_randomBytes
FN:47,(anonymous_9)
FN:48,(anonymous_10)
FN:51,_randomDigits
FN:61,getLongToken
FN:63,getShortToken
FN:69,(anonymous_14)
FN:80,getUserData
FN:124,ensureObjPropsValid
FN:126,(anonymous_17)
FN:134,ensureValuesAreStrings
FN:135,(anonymous_19)
FN:144,ensureFieldHasChanged
FN:144,(anonymous_21)
FN:148,sanitizeUserForClient
FN:163,sanitizeUserForNotifier
FN:181,cloneObject
FN:197,notifier
FN:200,(anonymous_26)
FN:203,(anonymous_27)
FN:212,randomBytes
FN:213,randomDigits
FNF:30
FNH:30
FNDA:102,hashPassword
FNDA:102,get
FNDA:102,(anonymous_2)
FNDA:12,concatIDAndHash
FNDA:24,deconstructId
FNDA:32,comparePasswords
FNDA:32,(anonymous_6)
FNDA:32,(anonymous_7)
FNDA:131,_randomBytes
FNDA:131,(anonymous_9)
FNDA:131,(anonymous_10)
FNDA:107,_randomDigits
FNDA:116,getLongToken
FNDA:116,getShortToken
FNDA:12,(anonymous_14)
FNDA:143,getUserData
FNDA:183,ensureObjPropsValid
FNDA:199,(anonymous_17)
FNDA:80,ensureValuesAreStrings
FNDA:160,(anonymous_19)
FNDA:3,ensureFieldHasChanged
FNDA:3,(anonymous_21)
FNDA:84,sanitizeUserForClient
FNDA:84,sanitizeUserForNotifier
FNDA:168,cloneObject
FNDA:80,notifier
FNDA:80,(anonymous_26)
FNDA:80,(anonymous_27)
FNDA:3,randomBytes
FNDA:3,randomDigits
DA:5,1
DA:6,1
DA:7,1
DA:8,1
DA:9,1
DA:11,1
DA:12,102
DA:18,102
DA:23,102
DA:24,102
DA:27,12
DA:29,1
DA:30,24
DA:31,0
DA:34,24
DA:37,32
DA:38,32
DA:39,32
DA:40,9
DA:43,23
DA:47,131
DA:48,131
DA:51,1
DA:52,107
DA:54,107
DA:55,108
DA:58,107
DA:61,116
DA:63,1
DA:64,116
DA:65,104
DA:68,12
DA:70,12
DA:72,12
DA:73,0
DA:76,12
DA:80,1
DA:81,143
DA:82,19
DA:86,124
DA:87,124
DA:89,124
DA:90,0
DA:94,124
DA:95,12
DA:99,112
DA:102,0
DA:106,112
DA:107,11
DA:111,101
DA:112,0
DA:116,101
DA:117,44
DA:121,57
DA:124,1
DA:125,183
DA:126,199
DA:127,183
DA:128,16
DA:134,160
DA:135,160
DA:136,0
DA:144,3
DA:145,3
DA:148,1
DA:149,84
DA:151,84
DA:152,84
DA:153,84
DA:154,84
DA:155,84
DA:156,84
DA:157,84
DA:158,84
DA:160,84
DA:163,1
DA:164,84
DA:165,84
DA:166,84
DA:181,1
DA:182,168
DA:184,168
DA:185,4
DA:186,4
DA:188,2
DA:190,2
DA:194,168
DA:197,1
DA:198,80
DA:200,80
DA:201,80
DA:203,80
DA:207,1
DA:212,3
DA:213,3
LF:95
LH:89
BRDA:30,0,0,0
BRDA:30,0,1,24
BRDA:39,1,0,9
BRDA:39,1,1,23
BRDA:39,2,0,32
BRDA:39,2,1,31
BRDA:48,3,0,0
BRDA:48,3,1,131
BRDA:64,4,0,104
BRDA:64,4,1,12
BRDA:72,5,0,0
BRDA:72,5,1,12
BRDA:81,6,0,19
BRDA:81,6,1,124
BRDA:81,7,0,58
BRDA:81,7,1,85
BRDA:86,8,0,49
BRDA:86,8,1,75
BRDA:86,9,0,75
BRDA:86,9,1,24
BRDA:89,10,0,0
BRDA:89,10,1,124
BRDA:94,11,0,12
BRDA:94,11,1,112
BRDA:94,12,0,124
BRDA:94,12,1,57
BRDA:99,13,0,0
BRDA:99,13,1,112
BRDA:99,14,0,112
BRDA:99,14,1,0
BRDA:99,14,2,0
BRDA:100,15,0,0
BRDA:100,15,1,0
BRDA:106,16,0,11
BRDA:106,16,1,101
BRDA:106,17,0,112
BRDA:106,17,1,67
BRDA:111,18,0,0
BRDA:111,18,1,101
BRDA:111,19,0,101
BRDA:111,19,1,0
BRDA:116,20,0,44
BRDA:116,20,1,57
BRDA:116,21,0,101
BRDA:116,21,1,44
BRDA:126,22,0,199
BRDA:126,22,1,187
BRDA:127,23,0,16
BRDA:127,23,1,167
BRDA:127,24,0,183
BRDA:127,24,1,171
BRDA:127,24,2,4
BRDA:135,25,0,0
BRDA:135,25,1,80
BRDA:145,26,0,3
BRDA:145,26,1,3
BRDA:145,26,2,3
BRDA:184,27,0,4
BRDA:184,27,1,164
BRDA:184,28,0,168
BRDA:184,28,1,166
BRDA:190,29,0,0
BRDA:190,29,1,2
BRDA:201,30,0,80
BRDA:201,30,1,74
BRDA:203,31,0,80
BRDA:203,31,1,0
BRDA:203,32,0,80
BRDA:203,32,1,80
BRF:69
BRH:55
end_of_record
TN:
SF:/home/johnsz/shared/repos/feathers-authentication-management/src/hooks.js
FN:8,(anonymous_3)
FN:8,(anonymous_4)
FN:12,(anonymous_5)
FN:13,(anonymous_6)
FN:18,(anonymous_7)
FN:39,(anonymous_8)
FN:42,(anonymous_9)
FN:42,(anonymous_10)
FN:50,(anonymous_11)
FN:50,(anonymous_12)
FN:58,(anonymous_13)
FNF:11
FNH:10
FNDA:18,(anonymous_3)
FNDA:13,(anonymous_4)
FNDA:13,(anonymous_5)
FNDA:13,(anonymous_6)
FNDA:13,(anonymous_7)
FNDA:0,(anonymous_8)
FNDA:8,(anonymous_9)
FNDA:8,(anonymous_10)
FNDA:7,(anonymous_11)
FNDA:7,(anonymous_12)
FNDA:6,(anonymous_13)
DA:4,1
DA:8,18
DA:9,13
DA:11,13
DA:12,13
DA:13,13
DA:18,52
DA:23,13
DA:28,1
DA:31,12
DA:32,12
DA:33,12
DA:34,12
DA:35,12
DA:37,12
DA:39,0
DA:42,8
DA:43,8
DA:45,6
DA:46,3
DA:50,7
DA:51,7
DA:53,6
DA:54,6
DA:55,5
DA:56,5
DA:58,5
DA:59,6
DA:61,1
DA:62,1
DA:63,1
DA:67,6
DA:68,5
DA:69,5
DA:70,5
DA:71,5
DA:72,5
DA:73,5
DA:74,5
DA:75,5
DA:80,5
LF:41
LH:40
BRDA:12,0,0,13
BRDA:12,0,1,12
BRDA:23,1,0,1
BRDA:23,1,1,12
BRDA:24,2,0,13
BRDA:24,2,1,12
BRDA:24,2,2,3
BRDA:24,2,3,3
BRDA:45,3,0,3
BRDA:45,3,1,1
BRDA:45,4,0,6
BRDA:45,4,1,3
BRDA:54,5,0,1
BRDA:54,5,1,5
BRDA:56,6,0,1
BRDA:56,6,1,4
BRDA:59,7,0,1
BRDA:59,7,1,5
BRDA:59,8,0,6
BRDA:59,8,1,1
BRDA:67,9,0,5
BRDA:67,9,1,1
BRDA:67,10,0,6
BRDA:67,10,1,5
BRDA:71,11,0,5
BRDA:71,11,1,0
BRDA:80,12,0,1
BRDA:80,12,1,4
BRF:28
BRH:27
end_of_record
TN:
SF:/home/johnsz/shared/repos/feathers-authentication-management/src/identityChange.js
FN:15,identityChange
FN:25,(anonymous_4)
FN:30,(anonymous_5)
FN:33,(anonymous_6)
FN:38,(anonymous_7)
FN:42,(anonymous_8)
FN:52,(anonymous_9)
FN:53,(anonymous_10)
FN:55,patchUser
FN:57,(anonymous_12)
FNF:10
FNH:10
FNDA:16,identityChange
FNDA:16,(anonymous_4)
FNDA:16,(anonymous_5)
FNDA:16,(anonymous_6)
FNDA:4,(anonymous_7)
FNDA:12,(anonymous_8)
FNDA:12,(anonymous_9)
FNDA:12,(anonymous_10)
FNDA:12,patchUser
FNDA:12,(anonymous_12)
DA:4,1
DA:5,1
DA:15,1
DA:17,16
DA:18,16
DA:19,16
DA:22,16
DA:24,16
DA:26,16
DA:27,16
DA:29,16
DA:30,16
DA:33,16
DA:38,4
DA:42,48
DA:43,12
DA:50,12
DA:52,12
DA:53,12
DA:56,12
DA:57,12
LF:21
LH:21
BRDA:30,0,0,8
BRDA:30,0,1,8
BRF:2
BRH:2
end_of_record
TN:
SF:/home/johnsz/shared/repos/feathers-authentication-management/src/index.js
FNF:0
FNH:0
DA:2,1
DA:3,1
DA:5,1
DA:6,1
LF:4
LH:4
BRF:0
BRH:0
end_of_record
TN:
SF:/home/johnsz/shared/repos/feathers-authentication-management/src/passwordChange.js
FN:15,passwordChange
FN:24,(anonymous_4)
FN:29,(anonymous_5)
FN:31,(anonymous_6)
FN:35,(anonymous_7)
FN:39,(anonymous_8)
FN:44,(anonymous_9)
FN:45,(anonymous_10)
FN:47,patchUser
FN:49,(anonymous_12)
FNF:10
FNH:10
FNDA:16,passwordChange
FNDA:16,(anonymous_4)
FNDA:16,(anonymous_5)
FNDA:16,(anonymous_6)
FNDA:5,(anonymous_7)
FNDA:11,(anonymous_8)
FNDA:11,(anonymous_9)
FNDA:11,(anonymous_10)
FNDA:11,patchUser
FNDA:11,(anonymous_12)
DA:4,1
DA:5,1
DA:15,1
DA:16,16
DA:17,16
DA:18,16
DA:21,16
DA:23,16
DA:25,16
DA:26,16
DA:28,16
DA:29,16
DA:31,16
DA:35,5
DA:39,44
DA:44,11
DA:45,11
DA:48,11
DA:49,11
LF:19
LH:19
BRDA:29,0,0,8
BRDA:29,0,1,8
BRF:2
BRH:2
end_of_record
TN:
SF:/home/johnsz/shared/repos/feathers-authentication-management/src/resendVerifySignup.js
FN:16,resendVerifySignup
FN:25,(anonymous_4)
FN:32,(anonymous_5)
FN:35,(anonymous_6)
FN:40,(anonymous_7)
FN:48,(anonymous_8)
FN:49,(anonymous_9)
FN:51,patchUser
FN:53,(anonymous_11)
FNF:9
FNH:9
FNDA:77,resendVerifySignup
FNDA:77,(anonymous_4)
FNDA:69,(anonymous_5)
FNDA:69,(anonymous_6)
FNDA:45,(anonymous_7)
FNDA:45,(anonymous_8)
FNDA:45,(anonymous_9)
FNDA:45,patchUser
FNDA:45,(anonymous_11)
DA:4,1
DA:16,1
DA:17,77
DA:18,77
DA:19,77
DA:22,77
DA:24,77
DA:26,77
DA:30,69
DA:32,69
DA:35,69
DA:40,225
DA:48,45
DA:49,45
DA:52,45
DA:53,45
LF:16
LH:16
BRF:0
BRH:0
end_of_record
TN:
SF:/home/johnsz/shared/repos/feathers-authentication-management/src/resetPassword.js
FN:17,(anonymous_3)
FN:19,(anonymous_4)
FN:26,(anonymous_5)
FN:28,(anonymous_6)
FN:36,resetPassword
FN:54,(anonymous_8)
FN:56,(anonymous_9)
FN:65,(anonymous_10)
FN:68,(anonymous_11)
FN:69,(anonymous_12)
FN:72,(anonymous_13)
FN:74,(anonymous_14)
FN:80,(anonymous_15)
FN:86,(anonymous_16)
FN:93,(anonymous_17)
FN:94,(anonymous_18)
FN:97,patchUser
FN:99,(anonymous_20)
FNF:18
FNH:7
FNDA:24,(anonymous_3)
FNDA:24,(anonymous_4)
FNDA:40,(anonymous_5)
FNDA:40,(anonymous_6)
FNDA:56,resetPassword
FNDA:24,(anonymous_8)
FNDA:32,(anonymous_9)
FNDA:0,(anonymous_10)
FNDA:0,(anonymous_11)
FNDA:0,(anonymous_12)
FNDA:0,(anonymous_13)
FNDA:0,(anonymous_14)
FNDA:0,(anonymous_15)
FNDA:0,(anonymous_16)
FNDA:0,(anonymous_17)
FNDA:0,(anonymous_18)
FNDA:0,patchUser
FNDA:0,(anonymous_20)
DA:4,1
DA:5,1
DA:17,1
DA:18,24
DA:20,24
DA:22,24
DA:26,1
DA:27,40
DA:29,40
DA:30,40
DA:32,32
DA:37,56
DA:38,56
DA:39,56
DA:43,112
DA:45,56
DA:46,56
DA:47,56
DA:50,56
DA:52,56
DA:53,24
DA:54,24
DA:55,32
DA:56,32
DA:58,0
DA:61,56
DA:65,0
DA:66,0
DA:68,0
DA:69,0
DA:72,0
DA:73,0
DA:75,0
DA:81,0
DA:86,0
DA:87,0
DA:93,0
DA:94,0
DA:98,0
DA:99,0
LF:40
LH:25
BRDA:46,0,0,56
BRDA:46,0,1,0
BRDA:52,1,0,24
BRDA:52,1,1,32
BRDA:55,2,0,32
BRDA:55,2,1,0
BRF:6
BRH:4
end_of_record
TN:
SF:/home/johnsz/shared/repos/feathers-authentication-management/src/sendResetPwd.js
FN:16,sendResetPwd
FN:28,(anonymous_4)
FN:33,(anonymous_5)
FN:38,(anonymous_6)
FN:45,(anonymous_7)
FN:45,(anonymous_8)
FN:46,(anonymous_9)
FN:52,(anonymous_10)
FN:59,(anonymous_11)
FN:61,patchUser
FN:63,(anonymous_13)
FNF:11
FNH:11
FNDA:18,sendResetPwd
FNDA:18,(anonymous_4)
FNDA:18,(anonymous_5)
FNDA:12,(anonymous_6)
FNDA:12,(anonymous_7)
FNDA:12,(anonymous_8)
FNDA:12,(anonymous_9)
FNDA:12,(anonymous_10)
FNDA:12,(anonymous_11)
FNDA:12,patchUser
FNDA:12,(anonymous_13)
DA:4,1
DA:16,1
DA:17,18
DA:18,18
DA:19,18
DA:23,36
DA:25,18
DA:27,18
DA:29,18
DA:31,18
DA:33,18
DA:38,60
DA:45,12
DA:46,12
DA:52,60
DA:59,12
DA:62,12
DA:63,12
LF:18
LH:18
BRDA:25,0,0,0
BRDA:25,0,1,18
BRF:2
BRH:1
end_of_record
TN:
SF:/home/johnsz/shared/repos/feathers-authentication-management/src/service.js
FN:21,notifier
FN:31,(anonymous_1)
FN:35,(anonymous_2)
FN:40,authManagement
FN:44,create
FNF:5
FNH:5
FNDA:66,notifier
FNDA:275,(anonymous_1)
FNDA:275,(anonymous_2)
FNDA:275,authManagement
FNDA:251,create
DA:4,1
DA:5,1
DA:7,1
DA:8,1
DA:10,1
DA:12,1
DA:13,1
DA:17,1
DA:21,66
DA:31,275
DA:32,275
DA:33,275
DA:35,275
DA:36,275
DA:41,275
DA:42,275
DA:44,275
DA:46,251
DA:48,251
DA:50,44
DA:52,77
DA:54,0
DA:56,0
DA:58,18
DA:60,24
DA:62,40
DA:65,16
DA:68,16
DA:71,16
DA:73,0
LF:30
LH:27
BRDA:31,0,0,99
BRDA:31,0,1,176
BRDA:31,1,0,275
BRDA:31,1,1,99
BRDA:49,2,0,44
BRDA:49,2,1,77
BRDA:49,2,2,0
BRDA:49,2,3,0
BRDA:49,2,4,18
BRDA:49,2,5,24
BRDA:49,2,6,40
BRDA:49,2,7,16
BRDA:49,2,8,16
BRDA:49,2,9,16
BRDA:49,2,10,0
BRDA:50,3,0,44
BRDA:50,3,1,36
BRDA:50,4,0,44
BRDA:50,4,1,40
BRF:19
BRH:16
end_of_record
TN:
SF:/home/johnsz/shared/repos/feathers-authentication-management/src/verifySignup.js
FN:14,(anonymous_0)
FN:16,(anonymous_1)
FN:23,(anonymous_2)
FN:25,(anonymous_3)
FN:33,verifySignup
FN:42,(anonymous_5)
FN:43,(anonymous_6)
FN:44,(anonymous_7)
FN:46,(anonymous_8)
FN:53,(anonymous_9)
FN:54,(anonymous_10)
FN:57,eraseVerifyProps
FN:69,patchUser
FN:71,(anonymous_13)
FNF:14
FNH:0
FNDA:0,(anonymous_0)
FNDA:0,(anonymous_1)
FNDA:0,(anonymous_2)
FNDA:0,(anonymous_3)
FNDA:0,verifySignup
FNDA:0,(anonymous_5)
FNDA:0,(anonymous_6)
FNDA:0,(anonymous_7)
FNDA:0,(anonymous_8)
FNDA:0,(anonymous_9)
FNDA:0,(anonymous_10)
FNDA:0,eraseVerifyProps
FNDA:0,patchUser
FNDA:0,(anonymous_13)
DA:4,1
DA:5,1
DA:14,1
DA:15,0
DA:17,0
DA:19,0
DA:23,1
DA:24,0
DA:26,0
DA:27,0
DA:29,0
DA:34,0
DA:35,0
DA:36,0
DA:39,0
DA:41,0
DA:42,0
DA:44,0
DA:45,0
DA:47,0
DA:52,0
DA:53,0
DA:54,0
DA:58,0
DA:66,0
DA:70,0
DA:71,0
LF:27
LH:4
BRDA:44,0,0,0
BRDA:44,0,1,0
BRDA:52,1,0,0
BRDA:52,1,1,0
BRDA:58,2,0,0
BRDA:58,2,1,0
BRF:6
BRH:0
end_of_record
